-------------------------------------------------------------------------------
Test set: com.fulfilment.application.monolith.warehouses.domain.usecases.ReplaceWarehouseUseCaseTest
-------------------------------------------------------------------------------
Tests run: 10, Failures: 0, Errors: 1, Skipped: 0, Time elapsed: 0.008 s <<< FAILURE! -- in com.fulfilment.application.monolith.warehouses.domain.usecases.ReplaceWarehouseUseCaseTest
com.fulfilment.application.monolith.warehouses.domain.usecases.ReplaceWarehouseUseCaseTest.replace_whenBothStocksNonNullAndEqualButCapacityNull -- Time elapsed: 0.002 s <<< ERROR!
java.lang.NullPointerException: Cannot invoke "java.lang.Integer.intValue()" because "existing.capacity" is null
	at com.fulfilment.application.monolith.warehouses.domain.usecases.ReplaceWarehouseUseCase.replace(ReplaceWarehouseUseCase.java:20)
	at com.fulfilment.application.monolith.warehouses.domain.usecases.ReplaceWarehouseUseCaseTest.replace_whenBothStocksNonNullAndEqualButCapacityNull(ReplaceWarehouseUseCaseTest.java:150)
	at java.base/java.lang.reflect.Method.invoke(Method.java:568)
	at java.base/java.util.ArrayList.forEach(ArrayList.java:1511)
	at java.base/java.util.ArrayList.forEach(ArrayList.java:1511)

